<?xml version="1.0" encoding="UTF-8" ?>
<testsuite failures="0" time="0.029" errors="0" skipped="0" tests="1" name="com.mycompany.app.AppTest">
  <properties>
    <property name="java.runtime.name" value="Java(TM) SE Runtime Environment"/>
    <property name="sun.boot.library.path" value="C:\Java\jdk1.6.0_19\jre\bin"/>
    <property name="java.vm.version" value="16.2-b04"/>
    <property name="java.vm.vendor" value="Sun Microsystems Inc."/>
    <property name="java.vendor.url" value="http://java.sun.com/"/>
    <property name="path.separator" value=";"/>
    <property name="java.vm.name" value="Java HotSpot(TM) 64-Bit Server VM"/>
    <property name="file.encoding.pkg" value="sun.io"/>
    <property name="user.country" value="TW"/>
    <property name="sun.java.launcher" value="SUN_STANDARD"/>
    <property name="sun.os.patch.level" value=""/>
    <property name="java.vm.specification.name" value="Java Virtual Machine Specification"/>
    <property name="user.dir" value="D:\workspace\swifttab"/>
    <property name="java.runtime.version" value="1.6.0_19-b04"/>
    <property name="java.awt.graphicsenv" value="sun.awt.Win32GraphicsEnvironment"/>
    <property name="basedir" value="D:\workspace\swifttab"/>
    <property name="java.endorsed.dirs" value="C:\Java\jdk1.6.0_19\jre\lib\endorsed"/>
    <property name="os.arch" value="amd64"/>
    <property name="surefire.real.class.path" value="C:\Users\tony\AppData\Local\Temp\surefirebooter7761178725363753948.jar"/>
    <property name="java.io.tmpdir" value="C:\Users\tony\AppData\Local\Temp\"/>
    <property name="line.separator" value="
"/>
    <property name="java.vm.specification.vendor" value="Sun Microsystems Inc."/>
    <property name="user.variant" value=""/>
    <property name="os.name" value="Windows 7"/>
    <property name="sun.jnu.encoding" value="MS950"/>
    <property name="java.library.path" value="C:\Java\jdk1.6.0_19\jre\bin;.;C:\Windows\Sun\Java\bin;C:\Windows\system32;C:\Windows;.;D:\home\tony\prj\i3\bin;C:\cygwin\usr\sbin;C:\Program
Files\Java\jdk1.6.0_19\bin;C:\ant\bin;C:\cygwin\usr\local\bin;C:\cygwin\bin;C:\cygwin\bin;%CommonProgramFiles%\Microsoft Shared\Windows Live;C:\Windows\system32;C:\Windows;C:\Windows\System32\Wbem;C:\Windows\System32\WindowsPowerShell\v1.0\;C:\Program Files\Java\jdk1.6.0_19\bin;C:\Program Files\SlikSvn\bin\;C:\ant\bin\;C:\Program Files\TortoiseSVN\bin;D:\home\tony\apache\maven\bin;C:\Program Files\Common Files\Microsoft Shared\Windows Live"/>
    <property name="surefire.test.class.path" value="D:\workspace\swifttab\target\test-classes;D:\workspace\swifttab\target\classes;C:\Users\tony\.m2\repository\junit\junit\3.8.1\junit-3.8.1.jar;"/>
    <property name="java.specification.name" value="Java Platform API Specification"/>
    <property name="java.class.version" value="50.0"/>
    <property name="sun.management.compiler" value="HotSpot 64-Bit Server Compiler"/>
    <property name="os.version" value="6.1"/>
    <property name="user.home" value="C:\Users\tony"/>
    <property name="user.timezone" value=""/>
    <property name="java.awt.printerjob" value="sun.awt.windows.WPrinterJob"/>
    <property name="java.specification.version" value="1.6"/>
    <property name="file.encoding" value="MS950"/>
    <property name="user.name" value="tony"/>
    <property name="java.class.path" value="D:\workspace\swifttab\target\test-classes;D:\workspace\swifttab\target\classes;C:\Users\tony\.m2\repository\junit\junit\3.8.1\junit-3.8.1.jar;"/>
    <property name="java.vm.specification.version" value="1.0"/>
    <property name="sun.arch.data.model" value="64"/>
    <property name="java.home" value="C:\Java\jdk1.6.0_19\jre"/>
    <property name="java.specification.vendor" value="Sun Microsystems Inc."/>
    <property name="user.language" value="zh"/>
    <property name="awt.toolkit" value="sun.awt.windows.WToolkit"/>
    <property name="java.vm.info" value="mixed mode"/>
    <property name="java.version" value="1.6.0_19"/>
    <property name="java.ext.dirs" value="C:\Java\jdk1.6.0_19\jre\lib\ext;C:\Windows\Sun\Java\lib\ext"/>
    <property name="sun.boot.class.path" value="C:\Java\jdk1.6.0_19\jre\lib\resources.jar;C:\Java\jdk1.6.0_19\jre\lib\rt.jar;C:\Java\jdk1.6.0_19\jre\lib\sunrsasign.jar;C:\Java\jdk1.6.0_19\jre\lib\jsse.jar;C:\Java\jdk1.6.0_19\jre\lib\jce.jar;C:\Java\jdk1.6.0_19\jre\lib\charsets.jar;C:\Java\jdk1.6.0_19\jre\classes"/>
    <property name="java.vendor" value="Sun Microsystems Inc."/>
    <property name="localRepository" value="C:\Users\tony\.m2\repository"/>
    <property name="file.separator" value="\"/>
    <property name="java.vendor.url.bug" value="http://java.sun.com/cgi-bin/bugreport.cgi"/>
    <property name="sun.cpu.endian" value="little"/>
    <property name="sun.io.unicode.encoding" value="UnicodeLittle"/>
    <property name="sun.desktop" value="windows"/>
    <property name="sun.cpu.isalist" value="amd64"/>
  </properties>
  <testcase time="0.004" classname="com.mycompany.app.AppTest" name="testApp"/>
</testsuite>